Using pre-set license

 COMMAND LINE ARGUMENTS:
/Applications/Unity/Hub/Editor/2020.3.2f1/Unity.app/Contents/MacOS/Unity
-adb2
-batchMode
-noUpm
-name
AssetImportWorker0
-projectPath
/Users/ismaeldf/Documents/offline/game/SpaceInvaders
-logFile
Logs/AssetImportWorker0.log
-srvPort
62420
Successfully changed project path to: /Users/ismaeldf/Documents/offline/game/SpaceInvaders
/Users/ismaeldf/Documents/offline/game/SpaceInvaders
Using Asset Import Pipeline V2.
Refreshing native plugins compatible for Editor in 44.77 ms, found 2 plugins.
Preloading 0 native plugins for Editor in 0.00 ms.
Initialize engine version: 2020.3.2f1 (8fd9074bf66c)
[Subsystems] Discovering subsystems at path /Applications/Unity/Hub/Editor/2020.3.2f1/Unity.app/Contents/Resources/UnitySubsystems
[Subsystems] Discovering subsystems at path /Users/ismaeldf/Documents/offline/game/SpaceInvaders/Assets
GfxDevice: creating device client; threaded=0
2021-05-17 20:02:16.124 Unity[7486:209812] Color LCD preferred device: Intel(R) UHD Graphics 630 (low power)
2021-05-17 20:02:16.124 Unity[7486:209812] Metal devices available: 2
2021-05-17 20:02:16.124 Unity[7486:209812] 0: AMD Radeon Pro 560X (high power)
2021-05-17 20:02:16.124 Unity[7486:209812] 1: Intel(R) UHD Graphics 630 (low power)
2021-05-17 20:02:16.124 Unity[7486:209812] Using device AMD Radeon Pro 560X (high power)
Initializing Metal device caps: AMD Radeon Pro 560X
Initialize mono
Mono path[0] = '/Applications/Unity/Hub/Editor/2020.3.2f1/Unity.app/Contents/Managed'
Mono path[1] = '/Applications/Unity/Hub/Editor/2020.3.2f1/Unity.app/Contents/MonoBleedingEdge/lib/mono/unityjit'
Mono config path = '/Applications/Unity/Hub/Editor/2020.3.2f1/Unity.app/Contents/MonoBleedingEdge/etc'
Using monoOptions --debugger-agent=transport=dt_socket,embedding=1,server=y,suspend=n,address=127.0.0.1:56486
Begin MonoManager ReloadAssembly
Registering precompiled unity dll's ...
Register platform support module: /Applications/Unity/Hub/Editor/2020.3.2f1/Unity.app/Contents/PlaybackEngines/MacStandaloneSupport/UnityEditor.OSXStandalone.Extensions.dll
Register platform support module: /Applications/Unity/Hub/Editor/2020.3.2f1/PlaybackEngines/WindowsStandaloneSupport/UnityEditor.WindowsStandalone.Extensions.dll
Registered in 0.000642 seconds.
Native extension for WindowsStandalone target not found
Native extension for OSXStandalone target not found
Refreshing native plugins compatible for Editor in 37.00 ms, found 2 plugins.
Preloading 0 native plugins for Editor in 0.00 ms.
Invoked RoslynAnalysisRunner static constructor.
RoslynAnalysisRunner will not be running.
RoslynAnalysisRunner has terminated.
Mono: successfully reloaded assembly
- Completed reload, in  1.296 seconds
Platform modules already initialized, skipping
Registering precompiled user dll's ...
Registered in 0.000454 seconds.
Begin MonoManager ReloadAssembly
Native extension for WindowsStandalone target not found
Native extension for OSXStandalone target not found
Refreshing native plugins compatible for Editor in 37.29 ms, found 2 plugins.
Preloading 0 native plugins for Editor in 0.00 ms.
Invoked RoslynAnalysisRunner static constructor.
RoslynAnalysisRunner will not be running.
RoslynAnalysisRunner has terminated.
Mono: successfully reloaded assembly
- Completed reload, in  1.052 seconds
Platform modules already initialized, skipping
========================================================================
Worker process is ready to serve import requests
Launching external process: /Applications/Unity/Hub/Editor/2020.3.2f1/Unity.app/Contents/Tools/UnityShaderCompiler
Launched and connected shader compiler UnityShaderCompiler after 0.01 seconds
Refreshing native plugins compatible for Editor in 0.42 ms, found 2 plugins.
Preloading 0 native plugins for Editor in 0.00 ms.
Unloading 2111 Unused Serialized files (Serialized files now loaded: 0)
System memory in use before: 157.8 MB.
System memory in use after: 157.8 MB.

Unloading 26 unused Assets to reduce memory usage. Loaded Objects now: 2555.
Total: 2.829946 ms (FindLiveObjects: 0.270134 ms CreateObjectMapping: 0.266743 ms MarkObjects: 2.153919 ms  DeleteObjects: 0.137713 ms)

========================================================================
Received Import Request.
  path: Assets/Prefabs/YellowAlien.prefab
  artifactKey: Guid(5e58e5306a4e14b81a02d8433a5d3013) Importer(815301076,1909f56bfc062723c751e8b465ee728b)
Start importing Assets/Prefabs/YellowAlien.prefab using Guid(5e58e5306a4e14b81a02d8433a5d3013) Importer(815301076,1909f56bfc062723c751e8b465ee728b)  -> (artifact id: 'cf33eeded8ee32f618ccfeadc9c37a96') in 1.554129 seconds
  Import took 1.559486 seconds .

========================================================================
Received Import Request.
  Time since last request: 0.000242 seconds.
  path: Assets/Prefabs/PurpleAlien.prefab
  artifactKey: Guid(87ed7605ff906400f81d500088f5fd50) Importer(815301076,1909f56bfc062723c751e8b465ee728b)
Start importing Assets/Prefabs/PurpleAlien.prefab using Guid(87ed7605ff906400f81d500088f5fd50) Importer(815301076,1909f56bfc062723c751e8b465ee728b)  -> (artifact id: '03f9e616ab9561245d35fc4cc39327b8') in 0.025959 seconds
  Import took 0.029908 seconds .

========================================================================
Received Import Request.
  Time since last request: 0.000246 seconds.
  path: Assets/Prefabs/OrangeAlien.prefab
  artifactKey: Guid(7f0fae40b8c464a92bb9efb3f181d673) Importer(815301076,1909f56bfc062723c751e8b465ee728b)
Start importing Assets/Prefabs/OrangeAlien.prefab using Guid(7f0fae40b8c464a92bb9efb3f181d673) Importer(815301076,1909f56bfc062723c751e8b465ee728b)  -> (artifact id: '07ae761fb6b6957de1baf75f39e8bca3') in 0.018607 seconds
  Import took 0.021958 seconds .

========================================================================
Received Prepare
Registering precompiled user dll's ...
Registered in 0.000666 seconds.
Begin MonoManager ReloadAssembly
Native extension for WindowsStandalone target not found
Native extension for OSXStandalone target not found
Refreshing native plugins compatible for Editor in 0.40 ms, found 2 plugins.
Preloading 0 native plugins for Editor in 0.00 ms.
Invoked RoslynAnalysisRunner static constructor.
RoslynAnalysisRunner will not be running.
RoslynAnalysisRunner has terminated.
Mono: successfully reloaded assembly
- Completed reload, in  1.112 seconds
Platform modules already initialized, skipping
Refreshing native plugins compatible for Editor in 0.41 ms, found 2 plugins.
Preloading 0 native plugins for Editor in 0.00 ms.
Unloading 2105 Unused Serialized files (Serialized files now loaded: 0)
System memory in use before: 165.6 MB.
System memory in use after: 165.6 MB.

Unloading 12 unused Assets to reduce memory usage. Loaded Objects now: 2566.
Total: 2.300091 ms (FindLiveObjects: 0.274692 ms CreateObjectMapping: 0.092321 ms MarkObjects: 1.820113 ms  DeleteObjects: 0.111615 ms)

========================================================================
Received Prepare
Registering precompiled user dll's ...
Registered in 0.003333 seconds.
Begin MonoManager ReloadAssembly
Native extension for WindowsStandalone target not found
Native extension for OSXStandalone target not found
Refreshing native plugins compatible for Editor in 0.36 ms, found 2 plugins.
Preloading 0 native plugins for Editor in 0.00 ms.
Invoked RoslynAnalysisRunner static constructor.
RoslynAnalysisRunner will not be running.
RoslynAnalysisRunner has terminated.
Mono: successfully reloaded assembly
- Completed reload, in  0.946 seconds
Platform modules already initialized, skipping
Refreshing native plugins compatible for Editor in 0.36 ms, found 2 plugins.
Preloading 0 native plugins for Editor in 0.00 ms.
Unloading 2105 Unused Serialized files (Serialized files now loaded: 0)
System memory in use before: 165.9 MB.
System memory in use after: 165.9 MB.

Unloading 12 unused Assets to reduce memory usage. Loaded Objects now: 2570.
Total: 2.119326 ms (FindLiveObjects: 0.190580 ms CreateObjectMapping: 0.075681 ms MarkObjects: 1.756795 ms  DeleteObjects: 0.095225 ms)

========================================================================
Received Prepare
Registering precompiled user dll's ...
Registered in 0.000865 seconds.
Begin MonoManager ReloadAssembly
Native extension for WindowsStandalone target not found
Native extension for OSXStandalone target not found
Refreshing native plugins compatible for Editor in 0.37 ms, found 2 plugins.
Preloading 0 native plugins for Editor in 0.00 ms.
Invoked RoslynAnalysisRunner static constructor.
RoslynAnalysisRunner will not be running.
RoslynAnalysisRunner has terminated.
Mono: successfully reloaded assembly
- Completed reload, in  0.965 seconds
Platform modules already initialized, skipping
Refreshing native plugins compatible for Editor in 0.46 ms, found 2 plugins.
Preloading 0 native plugins for Editor in 0.00 ms.
Unloading 2105 Unused Serialized files (Serialized files now loaded: 0)
System memory in use before: 166.1 MB.
System memory in use after: 166.1 MB.

Unloading 12 unused Assets to reduce memory usage. Loaded Objects now: 2574.
Total: 2.663503 ms (FindLiveObjects: 0.498246 ms CreateObjectMapping: 0.211867 ms MarkObjects: 1.842851 ms  DeleteObjects: 0.108781 ms)

========================================================================
Received Prepare
Registering precompiled user dll's ...
Registered in 0.000596 seconds.
Begin MonoManager ReloadAssembly
Native extension for WindowsStandalone target not found
Native extension for OSXStandalone target not found
Refreshing native plugins compatible for Editor in 0.37 ms, found 2 plugins.
Preloading 0 native plugins for Editor in 0.00 ms.
Invoked RoslynAnalysisRunner static constructor.
RoslynAnalysisRunner will not be running.
RoslynAnalysisRunner has terminated.
Mono: successfully reloaded assembly
- Completed reload, in  1.320 seconds
Platform modules already initialized, skipping
Refreshing native plugins compatible for Editor in 0.36 ms, found 2 plugins.
Preloading 0 native plugins for Editor in 0.00 ms.
Unloading 2105 Unused Serialized files (Serialized files now loaded: 0)
System memory in use before: 166.3 MB.
System memory in use after: 166.3 MB.

Unloading 12 unused Assets to reduce memory usage. Loaded Objects now: 2578.
Total: 2.701902 ms (FindLiveObjects: 0.245593 ms CreateObjectMapping: 0.137112 ms MarkObjects: 2.182221 ms  DeleteObjects: 0.135273 ms)

========================================================================
Received Prepare
Registering precompiled user dll's ...
Registered in 0.000633 seconds.
Begin MonoManager ReloadAssembly
Native extension for WindowsStandalone target not found
Native extension for OSXStandalone target not found
Refreshing native plugins compatible for Editor in 0.42 ms, found 2 plugins.
Preloading 0 native plugins for Editor in 0.00 ms.
Invoked RoslynAnalysisRunner static constructor.
RoslynAnalysisRunner will not be running.
RoslynAnalysisRunner has terminated.
Mono: successfully reloaded assembly
- Completed reload, in  1.097 seconds
Platform modules already initialized, skipping
Refreshing native plugins compatible for Editor in 0.39 ms, found 2 plugins.
Preloading 0 native plugins for Editor in 0.00 ms.
Unloading 2105 Unused Serialized files (Serialized files now loaded: 0)
System memory in use before: 166.5 MB.
System memory in use after: 166.5 MB.

Unloading 12 unused Assets to reduce memory usage. Loaded Objects now: 2582.
Total: 2.239514 ms (FindLiveObjects: 0.218745 ms CreateObjectMapping: 0.079750 ms MarkObjects: 1.842890 ms  DeleteObjects: 0.097215 ms)

========================================================================
Received Prepare
Registering precompiled user dll's ...
Registered in 0.000593 seconds.
Begin MonoManager ReloadAssembly
Native extension for WindowsStandalone target not found
Native extension for OSXStandalone target not found
Refreshing native plugins compatible for Editor in 0.35 ms, found 2 plugins.
Preloading 0 native plugins for Editor in 0.00 ms.
Invoked RoslynAnalysisRunner static constructor.
RoslynAnalysisRunner will not be running.
RoslynAnalysisRunner has terminated.
Mono: successfully reloaded assembly
- Completed reload, in  0.964 seconds
Platform modules already initialized, skipping
Refreshing native plugins compatible for Editor in 0.40 ms, found 2 plugins.
Preloading 0 native plugins for Editor in 0.00 ms.
Unloading 2105 Unused Serialized files (Serialized files now loaded: 0)
System memory in use before: 166.7 MB.
System memory in use after: 166.7 MB.

Unloading 12 unused Assets to reduce memory usage. Loaded Objects now: 2586.
Total: 2.187659 ms (FindLiveObjects: 0.227891 ms CreateObjectMapping: 0.071669 ms MarkObjects: 1.782712 ms  DeleteObjects: 0.104090 ms)

========================================================================
Received Prepare
Registering precompiled user dll's ...
Registered in 0.001387 seconds.
Begin MonoManager ReloadAssembly
Native extension for WindowsStandalone target not found
Native extension for OSXStandalone target not found
Refreshing native plugins compatible for Editor in 0.36 ms, found 2 plugins.
Preloading 0 native plugins for Editor in 0.00 ms.
Invoked RoslynAnalysisRunner static constructor.
RoslynAnalysisRunner will not be running.
RoslynAnalysisRunner has terminated.
Mono: successfully reloaded assembly
- Completed reload, in  1.180 seconds
Platform modules already initialized, skipping
Refreshing native plugins compatible for Editor in 0.68 ms, found 2 plugins.
Preloading 0 native plugins for Editor in 0.00 ms.
Unloading 2105 Unused Serialized files (Serialized files now loaded: 0)
System memory in use before: 167.0 MB.
System memory in use after: 166.9 MB.

Unloading 12 unused Assets to reduce memory usage. Loaded Objects now: 2590.
Total: 2.805896 ms (FindLiveObjects: 0.271391 ms CreateObjectMapping: 0.115499 ms MarkObjects: 2.297871 ms  DeleteObjects: 0.119756 ms)

========================================================================
Received Prepare
Registering precompiled user dll's ...
Registered in 0.000503 seconds.
Begin MonoManager ReloadAssembly
Native extension for WindowsStandalone target not found
Native extension for OSXStandalone target not found
Refreshing native plugins compatible for Editor in 0.39 ms, found 2 plugins.
Preloading 0 native plugins for Editor in 0.00 ms.
Invoked RoslynAnalysisRunner static constructor.
RoslynAnalysisRunner will not be running.
RoslynAnalysisRunner has terminated.
Mono: successfully reloaded assembly
- Completed reload, in  1.010 seconds
Platform modules already initialized, skipping
Refreshing native plugins compatible for Editor in 0.39 ms, found 2 plugins.
Preloading 0 native plugins for Editor in 0.00 ms.
Unloading 2105 Unused Serialized files (Serialized files now loaded: 0)
System memory in use before: 167.2 MB.
System memory in use after: 167.2 MB.

Unloading 12 unused Assets to reduce memory usage. Loaded Objects now: 2594.
Total: 3.238356 ms (FindLiveObjects: 0.335134 ms CreateObjectMapping: 0.148886 ms MarkObjects: 2.623249 ms  DeleteObjects: 0.129294 ms)

========================================================================
Received Prepare
Registering precompiled user dll's ...
Registered in 0.002120 seconds.
Begin MonoManager ReloadAssembly
Native extension for WindowsStandalone target not found
Native extension for OSXStandalone target not found
Refreshing native plugins compatible for Editor in 0.37 ms, found 2 plugins.
Preloading 0 native plugins for Editor in 0.00 ms.
Invoked RoslynAnalysisRunner static constructor.
RoslynAnalysisRunner will not be running.
RoslynAnalysisRunner has terminated.
Mono: successfully reloaded assembly
- Completed reload, in  1.044 seconds
Platform modules already initialized, skipping
Refreshing native plugins compatible for Editor in 0.38 ms, found 2 plugins.
Preloading 0 native plugins for Editor in 0.00 ms.
Unloading 2105 Unused Serialized files (Serialized files now loaded: 0)
System memory in use before: 167.4 MB.
System memory in use after: 167.4 MB.

Unloading 12 unused Assets to reduce memory usage. Loaded Objects now: 2598.
Total: 2.278862 ms (FindLiveObjects: 0.224846 ms CreateObjectMapping: 0.087774 ms MarkObjects: 1.866581 ms  DeleteObjects: 0.098561 ms)

========================================================================
Received Import Request.
  Time since last request: 677.964247 seconds.
  path: Assets/Animations/Characters/Purple.Alien.controller
  artifactKey: Guid(e998ea7118cdf4b149210e488232da7a) Importer(815301076,1909f56bfc062723c751e8b465ee728b)
Start importing Assets/Animations/Characters/Purple.Alien.controller using Guid(e998ea7118cdf4b149210e488232da7a) Importer(815301076,1909f56bfc062723c751e8b465ee728b)  -> (artifact id: '50b3a7a45472e8b1b29726023d6371df') in 0.378719 seconds
  Import took 0.382467 seconds .

========================================================================
Received Import Request.
  Time since last request: 97.932109 seconds.
  path: Assets/Animations/Characters/Purple.Alien.Override.overrideController
  artifactKey: Guid(9d2aba2c122f041408fa5afb7cb35858) Importer(815301076,1909f56bfc062723c751e8b465ee728b)
Start importing Assets/Animations/Characters/Purple.Alien.Override.overrideController using Guid(9d2aba2c122f041408fa5afb7cb35858) Importer(815301076,1909f56bfc062723c751e8b465ee728b)  -> (artifact id: 'fac1a99c20e808eaffc638201d6a9dcf') in 0.170599 seconds
  Import took 0.174257 seconds .

========================================================================
Received Import Request.
  Time since last request: 39.803144 seconds.
  path: Assets/Animations/Characters/Purple.Alien.Override.overrideController
  artifactKey: Guid(9d2aba2c122f041408fa5afb7cb35858) Importer(815301076,1909f56bfc062723c751e8b465ee728b)
Start importing Assets/Animations/Characters/Purple.Alien.Override.overrideController using Guid(9d2aba2c122f041408fa5afb7cb35858) Importer(815301076,1909f56bfc062723c751e8b465ee728b)  -> (artifact id: 'e06bedae86d4f7ba513b28b8f291764d') in 0.006681 seconds
  Import took 0.010411 seconds .

========================================================================
Received Import Request.
  Time since last request: 0.002362 seconds.
  path: Assets/Animations/Characters/Purple.Alien.Override.overrideController
  artifactKey: Guid(9d2aba2c122f041408fa5afb7cb35858) Importer(815301076,1909f56bfc062723c751e8b465ee728b)
Start importing Assets/Animations/Characters/Purple.Alien.Override.overrideController using Guid(9d2aba2c122f041408fa5afb7cb35858) Importer(815301076,1909f56bfc062723c751e8b465ee728b)  -> (artifact id: 'e06bedae86d4f7ba513b28b8f291764d') in 0.005836 seconds
  Import took 0.009643 seconds .

========================================================================
Received Import Request.
  Time since last request: 23.534677 seconds.
  path: Assets/Animations/Characters/PurpleAlien_1.controller
  artifactKey: Guid(85cc7492cc40248a48749ac7bcafc11c) Importer(815301076,1909f56bfc062723c751e8b465ee728b)
Start importing Assets/Animations/Characters/PurpleAlien_1.controller using Guid(85cc7492cc40248a48749ac7bcafc11c) Importer(815301076,1909f56bfc062723c751e8b465ee728b)  -> (artifact id: '62184164f917bb9e79f297784ba3478b') in 0.005226 seconds
  Import took 0.009266 seconds .

========================================================================
Received Import Request.
  Time since last request: 20.996934 seconds.
  path: Assets/Animations/Characters/YellowAlien_2.controller
  artifactKey: Guid(f971c534fe36e4eff9cf2e24d3d6b3e9) Importer(815301076,1909f56bfc062723c751e8b465ee728b)
Start importing Assets/Animations/Characters/YellowAlien_2.controller using Guid(f971c534fe36e4eff9cf2e24d3d6b3e9) Importer(815301076,1909f56bfc062723c751e8b465ee728b)  -> (artifact id: '115833c3e3df128885d18aa225244d45') in 0.005946 seconds
  Import took 0.009711 seconds .

========================================================================
Received Import Request.
  Time since last request: 46.932184 seconds.
  path: Assets/Animations/Characters/YellowAlienOverride.overrideController
  artifactKey: Guid(18be43fa11eb4447f8504566d9f078aa) Importer(815301076,1909f56bfc062723c751e8b465ee728b)
Start importing Assets/Animations/Characters/YellowAlienOverride.overrideController using Guid(18be43fa11eb4447f8504566d9f078aa) Importer(815301076,1909f56bfc062723c751e8b465ee728b)  -> (artifact id: '229e32feb3a0a0002db30033af0628dc') in 0.005321 seconds
  Import took 0.008782 seconds .

========================================================================
Received Import Request.
  Time since last request: 0.007106 seconds.
  path: Assets/Animations/Characters/YellowAlienOverride.overrideController
  artifactKey: Guid(18be43fa11eb4447f8504566d9f078aa) Importer(815301076,1909f56bfc062723c751e8b465ee728b)
Start importing Assets/Animations/Characters/YellowAlienOverride.overrideController using Guid(18be43fa11eb4447f8504566d9f078aa) Importer(815301076,1909f56bfc062723c751e8b465ee728b)  -> (artifact id: '229e32feb3a0a0002db30033af0628dc') in 0.004704 seconds
  Import took 0.008013 seconds .

========================================================================
Received Import Request.
  Time since last request: 10.635027 seconds.
  path: Assets/Animations/Characters/PurpleAlienOverride.overrideController
  artifactKey: Guid(9d2aba2c122f041408fa5afb7cb35858) Importer(815301076,1909f56bfc062723c751e8b465ee728b)
Start importing Assets/Animations/Characters/PurpleAlienOverride.overrideController using Guid(9d2aba2c122f041408fa5afb7cb35858) Importer(815301076,1909f56bfc062723c751e8b465ee728b)  -> (artifact id: '0571a80c95e4085d36fbf750ed244eb3') in 0.005043 seconds
  Import took 0.008902 seconds .

========================================================================
Received Import Request.
  Time since last request: 0.004586 seconds.
  path: Assets/Animations/Characters/PurpleAlienOverride.overrideController
  artifactKey: Guid(9d2aba2c122f041408fa5afb7cb35858) Importer(815301076,1909f56bfc062723c751e8b465ee728b)
Start importing Assets/Animations/Characters/PurpleAlienOverride.overrideController using Guid(9d2aba2c122f041408fa5afb7cb35858) Importer(815301076,1909f56bfc062723c751e8b465ee728b)  -> (artifact id: '0571a80c95e4085d36fbf750ed244eb3') in 0.004911 seconds
  Import took 0.009034 seconds .

========================================================================
Received Import Request.
  Time since last request: 13.119346 seconds.
  path: Assets/Animations/Characters/PurpleAlienOverride.overrideController
  artifactKey: Guid(9d2aba2c122f041408fa5afb7cb35858) Importer(815301076,1909f56bfc062723c751e8b465ee728b)
Start importing Assets/Animations/Characters/PurpleAlienOverride.overrideController using Guid(9d2aba2c122f041408fa5afb7cb35858) Importer(815301076,1909f56bfc062723c751e8b465ee728b)  -> (artifact id: '892ceb3375f51bf0eb6991a6df678b9a') in 0.005817 seconds
  Import took 0.009598 seconds .

========================================================================
Received Import Request.
  Time since last request: 0.000298 seconds.
  path: Assets/Animations/Characters/YellowAlienOverride.overrideController
  artifactKey: Guid(18be43fa11eb4447f8504566d9f078aa) Importer(815301076,1909f56bfc062723c751e8b465ee728b)
Start importing Assets/Animations/Characters/YellowAlienOverride.overrideController using Guid(18be43fa11eb4447f8504566d9f078aa) Importer(815301076,1909f56bfc062723c751e8b465ee728b)  -> (artifact id: '0af7d939a4b2b8d0c8ba9983a4da9b87') in 0.006038 seconds
  Import took 0.010690 seconds .

========================================================================
Received Import Request.
  Time since last request: 81.021256 seconds.
  path: Assets/Animations/Characters/OrangeAlien_1.controller
  artifactKey: Guid(99c080ca6cc394f70b6a912421471048) Importer(815301076,1909f56bfc062723c751e8b465ee728b)
Start importing Assets/Animations/Characters/OrangeAlien_1.controller using Guid(99c080ca6cc394f70b6a912421471048) Importer(815301076,1909f56bfc062723c751e8b465ee728b)  -> (artifact id: 'fd6e40a767dc2da0d4e3e07dc8008a84') in 0.005090 seconds
  Import took 0.009202 seconds .

========================================================================
Received Import Request.
  Time since last request: 54.534369 seconds.
  path: Assets/Animations/Characters/purpleAlien.anim
  artifactKey: Guid(6ac43427cac2a479586b8f712a16b282) Importer(815301076,1909f56bfc062723c751e8b465ee728b)
Start importing Assets/Animations/Characters/purpleAlien.anim using Guid(6ac43427cac2a479586b8f712a16b282) Importer(815301076,1909f56bfc062723c751e8b465ee728b)  -> (artifact id: 'b7f1b59eef63981d156cd16c05981348') in 0.176276 seconds
  Import took 0.180075 seconds .

========================================================================
Received Import Request.
  Time since last request: 55.581201 seconds.
  path: Assets/Animations/Bullets/Bullet_Allien_1.controller
  artifactKey: Guid(bc5299d8b2b7e4ee99feccfac4758820) Importer(815301076,1909f56bfc062723c751e8b465ee728b)
Start importing Assets/Animations/Bullets/Bullet_Allien_1.controller using Guid(bc5299d8b2b7e4ee99feccfac4758820) Importer(815301076,1909f56bfc062723c751e8b465ee728b)  -> (artifact id: '15892e2b39864246164ceef38b866d59') in 0.004212 seconds
  Import took 0.008122 seconds .

========================================================================
Received Import Request.
  Time since last request: 15.201290 seconds.
  path: Assets/Animations/Bullets/Bullet_player.controller
  artifactKey: Guid(06614217863a44fbba307077ca19b13a) Importer(815301076,1909f56bfc062723c751e8b465ee728b)
Start importing Assets/Animations/Bullets/Bullet_player.controller using Guid(06614217863a44fbba307077ca19b13a) Importer(815301076,1909f56bfc062723c751e8b465ee728b)  -> (artifact id: '833aa9a27567c0f328009d7bd3e7bbd4') in 0.003447 seconds
  Import took 0.007586 seconds .

========================================================================
Received Import Request.
  Time since last request: 1.110160 seconds.
  path: Assets/Animations/Bullets/Explosion_1.controller
  artifactKey: Guid(5e63ee17e4ab5480fb48a2baa7fb7131) Importer(815301076,1909f56bfc062723c751e8b465ee728b)
Start importing Assets/Animations/Bullets/Explosion_1.controller using Guid(5e63ee17e4ab5480fb48a2baa7fb7131) Importer(815301076,1909f56bfc062723c751e8b465ee728b)  -> (artifact id: '8e2b089b39bb2ca10d0674ef9aa82504') in 0.002323 seconds
  Import took 0.006142 seconds .

========================================================================
Received Prepare
Registering precompiled user dll's ...
Registered in 0.001057 seconds.
Begin MonoManager ReloadAssembly
Native extension for WindowsStandalone target not found
Native extension for OSXStandalone target not found
Refreshing native plugins compatible for Editor in 0.35 ms, found 2 plugins.
Preloading 0 native plugins for Editor in 0.00 ms.
Invoked RoslynAnalysisRunner static constructor.
RoslynAnalysisRunner will not be running.
RoslynAnalysisRunner has terminated.
Mono: successfully reloaded assembly
- Completed reload, in  1.066 seconds
Platform modules already initialized, skipping
Refreshing native plugins compatible for Editor in 0.41 ms, found 2 plugins.
Preloading 0 native plugins for Editor in 0.00 ms.
Unloading 2105 Unused Serialized files (Serialized files now loaded: 0)
System memory in use before: 180.2 MB.
System memory in use after: 180.2 MB.

Unloading 12 unused Assets to reduce memory usage. Loaded Objects now: 2602.
Total: 2.385132 ms (FindLiveObjects: 0.228324 ms CreateObjectMapping: 0.083322 ms MarkObjects: 1.949143 ms  DeleteObjects: 0.123251 ms)

========================================================================
Received Import Request.
  Time since last request: 433.438884 seconds.
  path: Assets/Prefabs/PurpleAlien.prefab
  artifactKey: Guid(87ed7605ff906400f81d500088f5fd50) Importer(815301076,1909f56bfc062723c751e8b465ee728b)
Start importing Assets/Prefabs/PurpleAlien.prefab using Guid(87ed7605ff906400f81d500088f5fd50) Importer(815301076,1909f56bfc062723c751e8b465ee728b)  -> (artifact id: 'ad386e4abe9d485cc96032f16f6daba5') in 0.092605 seconds
  Import took 0.096486 seconds .

========================================================================
Received Import Request.
  Time since last request: 0.041298 seconds.
  path: Assets/Prefabs/PurpleAlien.prefab
  artifactKey: Guid(87ed7605ff906400f81d500088f5fd50) Importer(815301076,1909f56bfc062723c751e8b465ee728b)
Start importing Assets/Prefabs/PurpleAlien.prefab using Guid(87ed7605ff906400f81d500088f5fd50) Importer(815301076,1909f56bfc062723c751e8b465ee728b)  -> (artifact id: 'ad386e4abe9d485cc96032f16f6daba5') in 0.022077 seconds
  Import took 0.025577 seconds .

========================================================================
Received Import Request.
  Time since last request: 3.902043 seconds.
  path: Assets/Prefabs/YellowAlien.prefab
  artifactKey: Guid(5e58e5306a4e14b81a02d8433a5d3013) Importer(815301076,1909f56bfc062723c751e8b465ee728b)
Start importing Assets/Prefabs/YellowAlien.prefab using Guid(5e58e5306a4e14b81a02d8433a5d3013) Importer(815301076,1909f56bfc062723c751e8b465ee728b)  -> (artifact id: '36509e1a01574d58c137232ad67524d2') in 0.020337 seconds
  Import took 0.024119 seconds .

========================================================================
Received Import Request.
  Time since last request: 0.002590 seconds.
  path: Assets/Prefabs/YellowAlien.prefab
  artifactKey: Guid(5e58e5306a4e14b81a02d8433a5d3013) Importer(815301076,1909f56bfc062723c751e8b465ee728b)
Start importing Assets/Prefabs/YellowAlien.prefab using Guid(5e58e5306a4e14b81a02d8433a5d3013) Importer(815301076,1909f56bfc062723c751e8b465ee728b)  -> (artifact id: '36509e1a01574d58c137232ad67524d2') in 0.025129 seconds
  Import took 0.030139 seconds .

========================================================================
Received Prepare
Registering precompiled user dll's ...
Registered in 0.000584 seconds.
Begin MonoManager ReloadAssembly
Native extension for WindowsStandalone target not found
Native extension for OSXStandalone target not found
Refreshing native plugins compatible for Editor in 0.40 ms, found 2 plugins.
Preloading 0 native plugins for Editor in 0.00 ms.
Invoked RoslynAnalysisRunner static constructor.
RoslynAnalysisRunner will not be running.
RoslynAnalysisRunner has terminated.
Mono: successfully reloaded assembly
- Completed reload, in  1.153 seconds
Platform modules already initialized, skipping
Refreshing native plugins compatible for Editor in 0.41 ms, found 2 plugins.
Preloading 0 native plugins for Editor in 0.00 ms.
Unloading 2105 Unused Serialized files (Serialized files now loaded: 0)
System memory in use before: 180.5 MB.
System memory in use after: 180.5 MB.

Unloading 12 unused Assets to reduce memory usage. Loaded Objects now: 2607.
Total: 2.471661 ms (FindLiveObjects: 0.234020 ms CreateObjectMapping: 0.100506 ms MarkObjects: 2.030070 ms  DeleteObjects: 0.105115 ms)

========================================================================
Received Prepare
Registering precompiled user dll's ...
Registered in 0.000763 seconds.
Begin MonoManager ReloadAssembly
Native extension for WindowsStandalone target not found
Native extension for OSXStandalone target not found
Refreshing native plugins compatible for Editor in 0.42 ms, found 2 plugins.
Preloading 0 native plugins for Editor in 0.00 ms.
Invoked RoslynAnalysisRunner static constructor.
RoslynAnalysisRunner will not be running.
RoslynAnalysisRunner has terminated.
Mono: successfully reloaded assembly
- Completed reload, in  1.255 seconds
Platform modules already initialized, skipping
Refreshing native plugins compatible for Editor in 0.41 ms, found 2 plugins.
Preloading 0 native plugins for Editor in 0.00 ms.
Unloading 2105 Unused Serialized files (Serialized files now loaded: 0)
System memory in use before: 180.7 MB.
System memory in use after: 180.7 MB.

Unloading 12 unused Assets to reduce memory usage. Loaded Objects now: 2611.
Total: 2.400410 ms (FindLiveObjects: 0.227753 ms CreateObjectMapping: 0.086834 ms MarkObjects: 1.973064 ms  DeleteObjects: 0.111494 ms)

========================================================================
Received Prepare
Registering precompiled user dll's ...
Registered in 0.000569 seconds.
Begin MonoManager ReloadAssembly
Native extension for WindowsStandalone target not found
Native extension for OSXStandalone target not found
Refreshing native plugins compatible for Editor in 0.35 ms, found 2 plugins.
Preloading 0 native plugins for Editor in 0.00 ms.
Invoked RoslynAnalysisRunner static constructor.
RoslynAnalysisRunner will not be running.
RoslynAnalysisRunner has terminated.
Mono: successfully reloaded assembly
- Completed reload, in  0.954 seconds
Platform modules already initialized, skipping
Refreshing native plugins compatible for Editor in 0.35 ms, found 2 plugins.
Preloading 0 native plugins for Editor in 0.00 ms.
Unloading 2105 Unused Serialized files (Serialized files now loaded: 0)
System memory in use before: 180.9 MB.
System memory in use after: 180.9 MB.

Unloading 12 unused Assets to reduce memory usage. Loaded Objects now: 2615.
Total: 2.106226 ms (FindLiveObjects: 0.286628 ms CreateObjectMapping: 0.063921 ms MarkObjects: 1.667775 ms  DeleteObjects: 0.087120 ms)

========================================================================
Received Prepare
Registering precompiled user dll's ...
Registered in 0.000619 seconds.
Begin MonoManager ReloadAssembly
Native extension for WindowsStandalone target not found
Native extension for OSXStandalone target not found
Refreshing native plugins compatible for Editor in 0.37 ms, found 2 plugins.
Preloading 0 native plugins for Editor in 0.00 ms.
Invoked RoslynAnalysisRunner static constructor.
RoslynAnalysisRunner will not be running.
RoslynAnalysisRunner has terminated.
Mono: successfully reloaded assembly
- Completed reload, in  0.928 seconds
Platform modules already initialized, skipping
Refreshing native plugins compatible for Editor in 0.38 ms, found 2 plugins.
Preloading 0 native plugins for Editor in 0.00 ms.
Unloading 2105 Unused Serialized files (Serialized files now loaded: 0)
System memory in use before: 181.1 MB.
System memory in use after: 181.1 MB.

Unloading 12 unused Assets to reduce memory usage. Loaded Objects now: 2619.
Total: 2.433166 ms (FindLiveObjects: 0.243084 ms CreateObjectMapping: 0.085252 ms MarkObjects: 2.000431 ms  DeleteObjects: 0.103191 ms)

========================================================================
Received Import Request.
  Time since last request: 393.469493 seconds.
  path: Assets/Animations/Characters/PlayerAnimator.controller
  artifactKey: Guid(fb06ac5aa389941b3b56eb32bc7378ff) Importer(815301076,1909f56bfc062723c751e8b465ee728b)
Start importing Assets/Animations/Characters/PlayerAnimator.controller using Guid(fb06ac5aa389941b3b56eb32bc7378ff) Importer(815301076,1909f56bfc062723c751e8b465ee728b)  -> (artifact id: '5212ecd5eb257de17367ac7088973f49') in 0.016978 seconds
  Import took 0.020574 seconds .

========================================================================
Received Import Request.
  Time since last request: 193.637985 seconds.
  path: Assets/Animations/Characters/ShipExplosion.anim
  artifactKey: Guid(47a1abc41598541aea7cd8d9728a6a3a) Importer(815301076,1909f56bfc062723c751e8b465ee728b)
Start importing Assets/Animations/Characters/ShipExplosion.anim using Guid(47a1abc41598541aea7cd8d9728a6a3a) Importer(815301076,1909f56bfc062723c751e8b465ee728b)  -> (artifact id: '0caf1d20aaa9c75695af256dca8e763d') in 0.003066 seconds
  Import took 0.006375 seconds .

========================================================================
Received Import Request.
  Time since last request: 0.015096 seconds.
  path: Assets/Animations/Characters/ShipExplosion.anim
  artifactKey: Guid(47a1abc41598541aea7cd8d9728a6a3a) Importer(815301076,1909f56bfc062723c751e8b465ee728b)
Start importing Assets/Animations/Characters/ShipExplosion.anim using Guid(47a1abc41598541aea7cd8d9728a6a3a) Importer(815301076,1909f56bfc062723c751e8b465ee728b)  -> (artifact id: '0caf1d20aaa9c75695af256dca8e763d') in 0.002021 seconds
  Import took 0.005846 seconds .

========================================================================
Received Prepare
Registering precompiled user dll's ...
Registered in 0.000719 seconds.
Begin MonoManager ReloadAssembly
Native extension for WindowsStandalone target not found
Native extension for OSXStandalone target not found
Refreshing native plugins compatible for Editor in 0.35 ms, found 2 plugins.
Preloading 0 native plugins for Editor in 0.00 ms.
Invoked RoslynAnalysisRunner static constructor.
RoslynAnalysisRunner will not be running.
RoslynAnalysisRunner has terminated.
Mono: successfully reloaded assembly
- Completed reload, in  0.934 seconds
Platform modules already initialized, skipping
Refreshing native plugins compatible for Editor in 0.36 ms, found 2 plugins.
Preloading 0 native plugins for Editor in 0.00 ms.
Unloading 2105 Unused Serialized files (Serialized files now loaded: 0)
System memory in use before: 182.1 MB.
System memory in use after: 182.1 MB.

Unloading 12 unused Assets to reduce memory usage. Loaded Objects now: 2623.
Total: 2.256113 ms (FindLiveObjects: 0.226998 ms CreateObjectMapping: 0.089147 ms MarkObjects: 1.838588 ms  DeleteObjects: 0.100119 ms)

========================================================================
Received Import Request.
  Time since last request: 135.558003 seconds.
  path: Assets/Sprites/Sprites.png
  artifactKey: Guid(317099b9d21c84c228023aaa1216b601) Importer(815301076,1909f56bfc062723c751e8b465ee728b)
Start importing Assets/Sprites/Sprites.png using Guid(317099b9d21c84c228023aaa1216b601) Importer(815301076,1909f56bfc062723c751e8b465ee728b)  -> (artifact id: '36d7c705bc4d4d2f28268ac50eed03d7') in 2.286939 seconds
  Import took 2.292606 seconds .

========================================================================
Received Import Request.
  Time since last request: 31.210932 seconds.
  path: Assets/Animations/Characters/Explosion_1.controller
  artifactKey: Guid(6a11d122596e8445591ef3c37a2633a6) Importer(815301076,1909f56bfc062723c751e8b465ee728b)
Start importing Assets/Animations/Characters/Explosion_1.controller using Guid(6a11d122596e8445591ef3c37a2633a6) Importer(815301076,1909f56bfc062723c751e8b465ee728b)  -> (artifact id: '1ba88718cb2a3ba5149822d125febc29') in 0.007674 seconds
  Import took 0.011685 seconds .

========================================================================
Received Import Request.
  Time since last request: 8.637899 seconds.
  path: Assets/Animations/Characters/ShipExplosion.controller
  artifactKey: Guid(6a11d122596e8445591ef3c37a2633a6) Importer(815301076,1909f56bfc062723c751e8b465ee728b)
Start importing Assets/Animations/Characters/ShipExplosion.controller using Guid(6a11d122596e8445591ef3c37a2633a6) Importer(815301076,1909f56bfc062723c751e8b465ee728b)  -> (artifact id: '0bc6f4fd28c8f8f061e1cbdbc412c191') in 0.004117 seconds
  Import took 0.007804 seconds .

========================================================================
Received Prepare
Registering precompiled user dll's ...
Registered in 0.001319 seconds.
Begin MonoManager ReloadAssembly
Native extension for WindowsStandalone target not found
Native extension for OSXStandalone target not found
Refreshing native plugins compatible for Editor in 0.35 ms, found 2 plugins.
Preloading 0 native plugins for Editor in 0.00 ms.
Invoked RoslynAnalysisRunner static constructor.
RoslynAnalysisRunner will not be running.
RoslynAnalysisRunner has terminated.
Mono: successfully reloaded assembly
- Completed reload, in  0.989 seconds
Platform modules already initialized, skipping
Refreshing native plugins compatible for Editor in 0.36 ms, found 2 plugins.
Preloading 0 native plugins for Editor in 0.00 ms.
Unloading 2105 Unused Serialized files (Serialized files now loaded: 0)
System memory in use before: 190.0 MB.
System memory in use after: 190.1 MB.

Unloading 12 unused Assets to reduce memory usage. Loaded Objects now: 2748.
Total: 2.401379 ms (FindLiveObjects: 0.358399 ms CreateObjectMapping: 0.093007 ms MarkObjects: 1.785335 ms  DeleteObjects: 0.163144 ms)

========================================================================
Received Prepare
Registering precompiled user dll's ...
Registered in 0.001753 seconds.
Begin MonoManager ReloadAssembly
Native extension for WindowsStandalone target not found
Native extension for OSXStandalone target not found
Refreshing native plugins compatible for Editor in 0.36 ms, found 2 plugins.
Preloading 0 native plugins for Editor in 0.00 ms.
Invoked RoslynAnalysisRunner static constructor.
RoslynAnalysisRunner will not be running.
RoslynAnalysisRunner has terminated.
Mono: successfully reloaded assembly
- Completed reload, in  1.004 seconds
Platform modules already initialized, skipping
Refreshing native plugins compatible for Editor in 0.46 ms, found 2 plugins.
Preloading 0 native plugins for Editor in 0.00 ms.
Unloading 2105 Unused Serialized files (Serialized files now loaded: 0)
System memory in use before: 190.2 MB.
System memory in use after: 190.3 MB.

Unloading 12 unused Assets to reduce memory usage. Loaded Objects now: 2752.
Total: 2.673924 ms (FindLiveObjects: 0.269894 ms CreateObjectMapping: 0.102142 ms MarkObjects: 2.184964 ms  DeleteObjects: 0.115608 ms)

========================================================================
Received Prepare
Registering precompiled user dll's ...
Registered in 0.000534 seconds.
Begin MonoManager ReloadAssembly
Native extension for WindowsStandalone target not found
Native extension for OSXStandalone target not found
Refreshing native plugins compatible for Editor in 0.35 ms, found 2 plugins.
Preloading 0 native plugins for Editor in 0.00 ms.
Invoked RoslynAnalysisRunner static constructor.
RoslynAnalysisRunner will not be running.
RoslynAnalysisRunner has terminated.
Mono: successfully reloaded assembly
- Completed reload, in  0.961 seconds
Platform modules already initialized, skipping
Refreshing native plugins compatible for Editor in 0.35 ms, found 2 plugins.
Preloading 0 native plugins for Editor in 0.00 ms.
Unloading 2106 Unused Serialized files (Serialized files now loaded: 0)
System memory in use before: 190.5 MB.
System memory in use after: 190.6 MB.

Unloading 12 unused Assets to reduce memory usage. Loaded Objects now: 2757.
Total: 2.204623 ms (FindLiveObjects: 0.259690 ms CreateObjectMapping: 0.099177 ms MarkObjects: 1.742398 ms  DeleteObjects: 0.102172 ms)

========================================================================
Received Prepare
Registering precompiled user dll's ...
Registered in 0.000594 seconds.
Begin MonoManager ReloadAssembly
Native extension for WindowsStandalone target not found
Native extension for OSXStandalone target not found
Refreshing native plugins compatible for Editor in 0.39 ms, found 2 plugins.
Preloading 0 native plugins for Editor in 0.00 ms.
Invoked RoslynAnalysisRunner static constructor.
RoslynAnalysisRunner will not be running.
RoslynAnalysisRunner has terminated.
Mono: successfully reloaded assembly
- Completed reload, in  1.117 seconds
Platform modules already initialized, skipping
Refreshing native plugins compatible for Editor in 0.37 ms, found 2 plugins.
Preloading 0 native plugins for Editor in 0.00 ms.
Unloading 2106 Unused Serialized files (Serialized files now loaded: 0)
System memory in use before: 190.7 MB.
System memory in use after: 190.8 MB.

Unloading 12 unused Assets to reduce memory usage. Loaded Objects now: 2761.
Total: 2.516344 ms (FindLiveObjects: 0.318602 ms CreateObjectMapping: 0.133744 ms MarkObjects: 1.950367 ms  DeleteObjects: 0.111957 ms)

========================================================================
Received Prepare
Registering precompiled user dll's ...
Registered in 0.002808 seconds.
Begin MonoManager ReloadAssembly
Native extension for WindowsStandalone target not found
Native extension for OSXStandalone target not found
Refreshing native plugins compatible for Editor in 0.36 ms, found 2 plugins.
Preloading 0 native plugins for Editor in 0.00 ms.
Invoked RoslynAnalysisRunner static constructor.
RoslynAnalysisRunner will not be running.
RoslynAnalysisRunner has terminated.
Mono: successfully reloaded assembly
- Completed reload, in  1.010 seconds
Platform modules already initialized, skipping
Refreshing native plugins compatible for Editor in 0.35 ms, found 2 plugins.
Preloading 0 native plugins for Editor in 0.00 ms.
Unloading 2106 Unused Serialized files (Serialized files now loaded: 0)
System memory in use before: 190.9 MB.
System memory in use after: 191.0 MB.

Unloading 12 unused Assets to reduce memory usage. Loaded Objects now: 2765.
Total: 2.313008 ms (FindLiveObjects: 0.261611 ms CreateObjectMapping: 0.088023 ms MarkObjects: 1.859491 ms  DeleteObjects: 0.102846 ms)

========================================================================
Received Prepare
Registering precompiled user dll's ...
Registered in 0.001492 seconds.
Begin MonoManager ReloadAssembly
Native extension for WindowsStandalone target not found
Native extension for OSXStandalone target not found
Refreshing native plugins compatible for Editor in 0.40 ms, found 2 plugins.
Preloading 0 native plugins for Editor in 0.00 ms.
Invoked RoslynAnalysisRunner static constructor.
RoslynAnalysisRunner will not be running.
RoslynAnalysisRunner has terminated.
Mono: successfully reloaded assembly
- Completed reload, in  1.002 seconds
Platform modules already initialized, skipping
Refreshing native plugins compatible for Editor in 0.38 ms, found 2 plugins.
Preloading 0 native plugins for Editor in 0.00 ms.
Unloading 2106 Unused Serialized files (Serialized files now loaded: 0)
System memory in use before: 191.1 MB.
System memory in use after: 191.2 MB.

Unloading 12 unused Assets to reduce memory usage. Loaded Objects now: 2769.
Total: 3.492984 ms (FindLiveObjects: 0.280111 ms CreateObjectMapping: 0.110161 ms MarkObjects: 2.958129 ms  DeleteObjects: 0.142995 ms)

========================================================================
Received Import Request.
  Time since last request: 675.992020 seconds.
  path: Assets/Prefabs/PlayerShip.prefab
  artifactKey: Guid(d2b7e035466534860a928747a62171d6) Importer(815301076,1909f56bfc062723c751e8b465ee728b)
Start importing Assets/Prefabs/PlayerShip.prefab using Guid(d2b7e035466534860a928747a62171d6) Importer(815301076,1909f56bfc062723c751e8b465ee728b)  -> (artifact id: '6d26274b826b05f5b5491892f0ffe7e4') in 0.106775 seconds
  Import took 0.110783 seconds .

========================================================================
Received Prepare
Registering precompiled user dll's ...
Registered in 0.000628 seconds.
Begin MonoManager ReloadAssembly
Native extension for WindowsStandalone target not found
Native extension for OSXStandalone target not found
Refreshing native plugins compatible for Editor in 0.37 ms, found 2 plugins.
Preloading 0 native plugins for Editor in 0.00 ms.
Invoked RoslynAnalysisRunner static constructor.
RoslynAnalysisRunner will not be running.
RoslynAnalysisRunner has terminated.
Mono: successfully reloaded assembly
- Completed reload, in  0.979 seconds
Platform modules already initialized, skipping
Refreshing native plugins compatible for Editor in 0.34 ms, found 2 plugins.
Preloading 0 native plugins for Editor in 0.00 ms.
Unloading 2106 Unused Serialized files (Serialized files now loaded: 0)
System memory in use before: 191.4 MB.
System memory in use after: 191.5 MB.

Unloading 12 unused Assets to reduce memory usage. Loaded Objects now: 2774.
Total: 2.169467 ms (FindLiveObjects: 0.239429 ms CreateObjectMapping: 0.096032 ms MarkObjects: 1.729725 ms  DeleteObjects: 0.103048 ms)

========================================================================
Received Import Request.
  Time since last request: 43.154409 seconds.
  path: Assets/Prefabs/PlayerShip.prefab
  artifactKey: Guid(d2b7e035466534860a928747a62171d6) Importer(815301076,1909f56bfc062723c751e8b465ee728b)
Start importing Assets/Prefabs/PlayerShip.prefab using Guid(d2b7e035466534860a928747a62171d6) Importer(815301076,1909f56bfc062723c751e8b465ee728b)  -> (artifact id: '99859cceca2fe71312d682db74e800f8') in 0.093814 seconds
  Import took 0.097951 seconds .

========================================================================
Received Prepare
Registering precompiled user dll's ...
Registered in 0.001428 seconds.
Begin MonoManager ReloadAssembly
Native extension for WindowsStandalone target not found
Native extension for OSXStandalone target not found
Refreshing native plugins compatible for Editor in 0.35 ms, found 2 plugins.
Preloading 0 native plugins for Editor in 0.00 ms.
Invoked RoslynAnalysisRunner static constructor.
RoslynAnalysisRunner will not be running.
RoslynAnalysisRunner has terminated.
Mono: successfully reloaded assembly
- Completed reload, in  0.978 seconds
Platform modules already initialized, skipping
Refreshing native plugins compatible for Editor in 0.40 ms, found 2 plugins.
Preloading 0 native plugins for Editor in 0.00 ms.
Unloading 2106 Unused Serialized files (Serialized files now loaded: 0)
System memory in use before: 191.6 MB.
System memory in use after: 191.7 MB.

Unloading 12 unused Assets to reduce memory usage. Loaded Objects now: 2779.
Total: 2.355989 ms (FindLiveObjects: 0.262012 ms CreateObjectMapping: 0.092291 ms MarkObjects: 1.899504 ms  DeleteObjects: 0.101064 ms)

========================================================================
Received Import Request.
  Time since last request: 98.640748 seconds.
  path: Assets/Prefabs/PlayerShip.prefab
  artifactKey: Guid(d2b7e035466534860a928747a62171d6) Importer(815301076,1909f56bfc062723c751e8b465ee728b)
Start importing Assets/Prefabs/PlayerShip.prefab using Guid(d2b7e035466534860a928747a62171d6) Importer(815301076,1909f56bfc062723c751e8b465ee728b)  -> (artifact id: '1afe8c40e7f5f637bec61d823a2f7d3c') in 0.106448 seconds
  Import took 0.110138 seconds .

========================================================================
Received Import Request.
  Time since last request: 6.870277 seconds.
  path: Assets/Prefabs/PlayerShip.prefab
  artifactKey: Guid(d2b7e035466534860a928747a62171d6) Importer(815301076,1909f56bfc062723c751e8b465ee728b)
Start importing Assets/Prefabs/PlayerShip.prefab using Guid(d2b7e035466534860a928747a62171d6) Importer(815301076,1909f56bfc062723c751e8b465ee728b) The Animator Controller (PlayerAnimator) you have used is not valid. Animations will not play
UnityEngine.StackTraceUtility:ExtractStackTrace () (at /Users/bokken/buildslave/unity/build/Runtime/Export/Scripting/StackTrace.cs:37)
UnityEditor.EditorUtility:Internal_InstantiateRemoveAllNonAnimationComponentsSingle (UnityEngine.Object,UnityEngine.Vector3,UnityEngine.Quaternion)
UnityEditor.EditorUtility:InstantiateRemoveAllNonAnimationComponents (UnityEngine.Object,UnityEngine.Vector3,UnityEngine.Quaternion) (at /Users/bokken/buildslave/unity/build/Editor/Mono/EditorUtility.cs:635)
UnityEditor.EditorUtility:InstantiateForAnimatorPreview (UnityEngine.Object) (at /Users/bokken/buildslave/unity/build/Editor/Mono/EditorUtility.cs:601)
UnityEditor.GameObjectInspector/PreviewData:UpdateGameObject (UnityEngine.Object) (at /Users/bokken/buildslave/unity/build/Editor/Mono/Inspector/GameObjectInspector.cs:97)
UnityEditor.GameObjectInspector/PreviewData:.ctor (UnityEngine.Object) (at /Users/bokken/buildslave/unity/build/Editor/Mono/Inspector/GameObjectInspector.cs:91)
UnityEditor.GameObjectInspector:GetPreviewData () (at /Users/bokken/buildslave/unity/build/Editor/Mono/Inspector/GameObjectInspector.cs:623)
UnityEditor.GameObjectInspector:RenderStaticPreview (string,UnityEngine.Object[],int,int) (at /Users/bokken/buildslave/unity/build/Editor/Mono/Inspector/GameObjectInspector.cs:868)
UnityEditor.AssetPreviewUpdater:CreatePreviewForAsset (UnityEngine.Object,UnityEngine.Object[],string) (at /Users/bokken/buildslave/unity/build/Editor/Mono/AssetPreviewUpdater.cs:33)

[/Users/bokken/buildslave/unity/build/Runtime/Export/Scripting/StackTrace.cs line 37]

The Animator Controller (PlayerAnimator) you have used is not valid. Animations will not play
UnityEngine.StackTraceUtility:ExtractStackTrace () (at /Users/bokken/buildslave/unity/build/Runtime/Export/Scripting/StackTrace.cs:37)
UnityEditor.EditorUtility:InitInstantiatedPreviewRecursive (UnityEngine.GameObject) (at /Users/bokken/buildslave/unity/build/Editor/Mono/EditorUtility.cs:590)
UnityEditor.EditorUtility:InstantiateForAnimatorPreview (UnityEngine.Object) (at /Users/bokken/buildslave/unity/build/Editor/Mono/EditorUtility.cs:604)
UnityEditor.GameObjectInspector/PreviewData:UpdateGameObject (UnityEngine.Object) (at /Users/bokken/buildslave/unity/build/Editor/Mono/Inspector/GameObjectInspector.cs:97)
UnityEditor.GameObjectInspector/PreviewData:.ctor (UnityEngine.Object) (at /Users/bokken/buildslave/unity/build/Editor/Mono/Inspector/GameObjectInspector.cs:91)
UnityEditor.GameObjectInspector:GetPreviewData () (at /Users/bokken/buildslave/unity/build/Editor/Mono/Inspector/GameObjectInspector.cs:623)
UnityEditor.GameObjectInspector:RenderStaticPreview (string,UnityEngine.Object[],int,int) (at /Users/bokken/buildslave/unity/build/Editor/Mono/Inspector/GameObjectInspector.cs:868)
UnityEditor.AssetPreviewUpdater:CreatePreviewForAsset (UnityEngine.Object,UnityEngine.Object[],string) (at /Users/bokken/buildslave/unity/build/Editor/Mono/AssetPreviewUpdater.cs:33)

[/Users/bokken/buildslave/unity/build/Runtime/Export/Scripting/StackTrace.cs line 37]

 -> (artifact id: 'c0d48b1bcccb9fecde2e10f3c537dd27') in 0.049720 seconds
  Import took 0.054070 seconds .

========================================================================
Received Prepare
Registering precompiled user dll's ...
Registered in 0.001395 seconds.
Begin MonoManager ReloadAssembly
Native extension for WindowsStandalone target not found
Native extension for OSXStandalone target not found
Refreshing native plugins compatible for Editor in 0.35 ms, found 2 plugins.
Preloading 0 native plugins for Editor in 0.00 ms.
Invoked RoslynAnalysisRunner static constructor.
RoslynAnalysisRunner will not be running.
RoslynAnalysisRunner has terminated.
Mono: successfully reloaded assembly
- Completed reload, in  0.962 seconds
Platform modules already initialized, skipping
Refreshing native plugins compatible for Editor in 0.39 ms, found 2 plugins.
Preloading 0 native plugins for Editor in 0.00 ms.
Unloading 2106 Unused Serialized files (Serialized files now loaded: 0)
System memory in use before: 192.0 MB.
System memory in use after: 192.1 MB.

Unloading 12 unused Assets to reduce memory usage. Loaded Objects now: 2784.
Total: 2.361844 ms (FindLiveObjects: 0.275254 ms CreateObjectMapping: 0.103556 ms MarkObjects: 1.872567 ms  DeleteObjects: 0.109053 ms)

========================================================================
Received Prepare
Registering precompiled user dll's ...
Registered in 0.000598 seconds.
Begin MonoManager ReloadAssembly
Native extension for WindowsStandalone target not found
Native extension for OSXStandalone target not found
Refreshing native plugins compatible for Editor in 0.35 ms, found 2 plugins.
Preloading 0 native plugins for Editor in 0.00 ms.
Invoked RoslynAnalysisRunner static constructor.
RoslynAnalysisRunner will not be running.
RoslynAnalysisRunner has terminated.
Mono: successfully reloaded assembly
- Completed reload, in  0.957 seconds
Platform modules already initialized, skipping
Refreshing native plugins compatible for Editor in 0.44 ms, found 2 plugins.
Preloading 0 native plugins for Editor in 0.00 ms.
Unloading 2106 Unused Serialized files (Serialized files now loaded: 0)
System memory in use before: 192.2 MB.
System memory in use after: 192.3 MB.

Unloading 12 unused Assets to reduce memory usage. Loaded Objects now: 2788.
Total: 2.277030 ms (FindLiveObjects: 0.258321 ms CreateObjectMapping: 0.103159 ms MarkObjects: 1.808273 ms  DeleteObjects: 0.106061 ms)

========================================================================
Received Prepare
Registering precompiled user dll's ...
Registered in 0.000586 seconds.
Begin MonoManager ReloadAssembly
Native extension for WindowsStandalone target not found
Native extension for OSXStandalone target not found
Refreshing native plugins compatible for Editor in 0.35 ms, found 2 plugins.
Preloading 0 native plugins for Editor in 0.00 ms.
Invoked RoslynAnalysisRunner static constructor.
RoslynAnalysisRunner will not be running.
RoslynAnalysisRunner has terminated.
Mono: successfully reloaded assembly
- Completed reload, in  0.970 seconds
Platform modules already initialized, skipping
Refreshing native plugins compatible for Editor in 0.53 ms, found 2 plugins.
Preloading 0 native plugins for Editor in 0.00 ms.
Unloading 2106 Unused Serialized files (Serialized files now loaded: 0)
System memory in use before: 192.5 MB.
System memory in use after: 192.5 MB.

Unloading 12 unused Assets to reduce memory usage. Loaded Objects now: 2792.
Total: 2.670610 ms (FindLiveObjects: 0.378655 ms CreateObjectMapping: 0.270236 ms MarkObjects: 1.913491 ms  DeleteObjects: 0.106609 ms)

========================================================================
Received Import Request.
  Time since last request: 270.141061 seconds.
  path: Assets/Animations/Characters/PlayerAnimator.controller
  artifactKey: Guid(fb06ac5aa389941b3b56eb32bc7378ff) Importer(815301076,1909f56bfc062723c751e8b465ee728b)
Start importing Assets/Animations/Characters/PlayerAnimator.controller using Guid(fb06ac5aa389941b3b56eb32bc7378ff) Importer(815301076,1909f56bfc062723c751e8b465ee728b)  -> (artifact id: '1e882df5e85fbb51851ea01fcff3ef68') in 0.015848 seconds
  Import took 0.019284 seconds .

========================================================================
Received Import Request.
  Time since last request: 27.748134 seconds.
  path: Assets/Animations/Characters/OrangeAlien_1.controller
  artifactKey: Guid(99c080ca6cc394f70b6a912421471048) Importer(815301076,1909f56bfc062723c751e8b465ee728b)
Start importing Assets/Animations/Characters/OrangeAlien_1.controller using Guid(99c080ca6cc394f70b6a912421471048) Importer(815301076,1909f56bfc062723c751e8b465ee728b)  -> (artifact id: 'b5248297d1b9df69340837d96bd1428b') in 0.006384 seconds
  Import took 0.010149 seconds .

